<?xml version="1.0" encoding="UTF-8"?>
<!-- Generated by org.testng.reporters.JUnitReportReporter -->
<testsuite hostname="Anantdeep" failures="0" tests="1" name="maven_package1.Maven_Project1.Launch_Amazon" time="7.916" errors="0" timestamp="2024-11-05T22:59:07 IST" skipped="0">
  <testcase classname="maven_package1.Maven_Project1.Launch_Amazon" name="launchamazon" time="7.916"/>
  <system-out/>
</testsuite> <!-- maven_package1.Maven_Project1.Launch_Amazon -->
