<?xml version="1.0" encoding="UTF-8"?>
<!-- Generated by org.testng.reporters.JUnitReportReporter -->
<testsuite hostname="Anantdeep" failures="0" tests="1" name="maven_package1.Maven_Project1.Test_Case1" time="22.161" errors="0" timestamp="2024-11-14T17:11:37 IST" skipped="0">
  <testcase classname="maven_package1.Maven_Project1.Test_Case1" name="login_to_amazon" time="22.161"/>
  <system-out/>
</testsuite> <!-- maven_package1.Maven_Project1.Test_Case1 -->
