<?xml version="1.0" encoding="UTF-8"?>
<!-- Generated by org.testng.reporters.JUnitReportReporter -->
<testsuite hostname="Anantdeep" failures="0" tests="1" name="maven_package1.Maven_Project1.Test_Case2" time="25.277" errors="0" timestamp="2024-11-15T22:57:32 IST" skipped="0">
  <testcase classname="maven_package1.Maven_Project1.Test_Case2" name="login_to_amazon" time="25.277"/>
</testsuite> <!-- maven_package1.Maven_Project1.Test_Case2 -->
